0 info it worked if it ends with ok
1 verbose cli [ '/usr/local/Cellar/node/6.7.0/bin/node',
1 verbose cli   '/usr/local/bin/npm',
1 verbose cli   'install',
1 verbose cli   '--save',
1 verbose cli   'express',
1 verbose cli   'body-parses',
1 verbose cli   'express-handlebars' ]
2 info using npm@3.10.7
3 info using node@v6.7.0
4 silly loadCurrentTree Starting
5 silly install loadCurrentTree
6 silly install readLocalPackageData
7 silly fetchPackageMetaData express
8 silly fetchPackageMetaData body-parses
9 silly fetchPackageMetaData express-handlebars
10 silly fetchNamedPackageData express
11 silly mapToRegistry name express
12 silly mapToRegistry using default registry
13 silly mapToRegistry registry https://registry.npmjs.org/
14 silly mapToRegistry data Result {
14 silly mapToRegistry   raw: 'express',
14 silly mapToRegistry   scope: null,
14 silly mapToRegistry   escapedName: 'express',
14 silly mapToRegistry   name: 'express',
14 silly mapToRegistry   rawSpec: '',
14 silly mapToRegistry   spec: 'latest',
14 silly mapToRegistry   type: 'tag' }
15 silly mapToRegistry uri https://registry.npmjs.org/express
16 silly fetchNamedPackageData body-parses
17 silly mapToRegistry name body-parses
18 silly mapToRegistry using default registry
19 silly mapToRegistry registry https://registry.npmjs.org/
20 silly mapToRegistry data Result {
20 silly mapToRegistry   raw: 'body-parses',
20 silly mapToRegistry   scope: null,
20 silly mapToRegistry   escapedName: 'body-parses',
20 silly mapToRegistry   name: 'body-parses',
20 silly mapToRegistry   rawSpec: '',
20 silly mapToRegistry   spec: 'latest',
20 silly mapToRegistry   type: 'tag' }
21 silly mapToRegistry uri https://registry.npmjs.org/body-parses
22 silly fetchNamedPackageData express-handlebars
23 silly mapToRegistry name express-handlebars
24 silly mapToRegistry using default registry
25 silly mapToRegistry registry https://registry.npmjs.org/
26 silly mapToRegistry data Result {
26 silly mapToRegistry   raw: 'express-handlebars',
26 silly mapToRegistry   scope: null,
26 silly mapToRegistry   escapedName: 'express-handlebars',
26 silly mapToRegistry   name: 'express-handlebars',
26 silly mapToRegistry   rawSpec: '',
26 silly mapToRegistry   spec: 'latest',
26 silly mapToRegistry   type: 'tag' }
27 silly mapToRegistry uri https://registry.npmjs.org/express-handlebars
28 verbose request uri https://registry.npmjs.org/body-parses
29 verbose request no auth needed
30 info attempt registry request try #1 at 11:56:37 AM
31 verbose request id 5ca24e0dd8222e1d
32 http request GET https://registry.npmjs.org/body-parses
33 verbose request uri https://registry.npmjs.org/express
34 verbose request no auth needed
35 info attempt registry request try #1 at 11:56:38 AM
36 verbose etag W/"589ef8ea-873bb"
37 verbose lastModified Sat, 11 Feb 2017 11:43:38 GMT
38 http request GET https://registry.npmjs.org/express
39 verbose request uri https://registry.npmjs.org/express-handlebars
40 verbose request no auth needed
41 info attempt registry request try #1 at 11:56:38 AM
42 verbose etag W/"5898973f-b129"
43 verbose lastModified Mon, 06 Feb 2017 15:33:19 GMT
44 http request GET https://registry.npmjs.org/express-handlebars
45 http 304 https://registry.npmjs.org/express
46 verbose headers { date: 'Mon, 13 Feb 2017 17:56:38 GMT',
46 verbose headers   via: '1.1 varnish',
46 verbose headers   'cache-control': 'max-age=300',
46 verbose headers   etag: 'W/"589ef8ea-873bb"',
46 verbose headers   age: '267',
46 verbose headers   connection: 'keep-alive',
46 verbose headers   'x-served-by': 'cache-atl6247-ATL',
46 verbose headers   'x-cache': 'HIT',
46 verbose headers   'x-cache-hits': '5',
46 verbose headers   'x-timer': 'S1487008598.303245,VS0,VE0',
46 verbose headers   vary: 'Accept-Encoding' }
47 silly get cb [ 304,
47 silly get   { date: 'Mon, 13 Feb 2017 17:56:38 GMT',
47 silly get     via: '1.1 varnish',
47 silly get     'cache-control': 'max-age=300',
47 silly get     etag: 'W/"589ef8ea-873bb"',
47 silly get     age: '267',
47 silly get     connection: 'keep-alive',
47 silly get     'x-served-by': 'cache-atl6247-ATL',
47 silly get     'x-cache': 'HIT',
47 silly get     'x-cache-hits': '5',
47 silly get     'x-timer': 'S1487008598.303245,VS0,VE0',
47 silly get     vary: 'Accept-Encoding' } ]
48 verbose etag https://registry.npmjs.org/express from cache
49 verbose get saving express to /Users/alejandroharb/.npm/registry.npmjs.org/express/.cache.json
50 verbose correctMkdir /Users/alejandroharb/.npm correctMkdir not in flight; initializing
51 http 304 https://registry.npmjs.org/express-handlebars
52 verbose headers { date: 'Mon, 13 Feb 2017 17:56:38 GMT',
52 verbose headers   via: '1.1 varnish',
52 verbose headers   'cache-control': 'max-age=300',
52 verbose headers   etag: 'W/"5898973f-b129"',
52 verbose headers   age: '186',
52 verbose headers   connection: 'keep-alive',
52 verbose headers   'x-served-by': 'cache-atl6240-ATL',
52 verbose headers   'x-cache': 'HIT',
52 verbose headers   'x-cache-hits': '1',
52 verbose headers   'x-timer': 'S1487008598.304277,VS0,VE0',
52 verbose headers   vary: 'Accept-Encoding' }
53 silly get cb [ 304,
53 silly get   { date: 'Mon, 13 Feb 2017 17:56:38 GMT',
53 silly get     via: '1.1 varnish',
53 silly get     'cache-control': 'max-age=300',
53 silly get     etag: 'W/"5898973f-b129"',
53 silly get     age: '186',
53 silly get     connection: 'keep-alive',
53 silly get     'x-served-by': 'cache-atl6240-ATL',
53 silly get     'x-cache': 'HIT',
53 silly get     'x-cache-hits': '1',
53 silly get     'x-timer': 'S1487008598.304277,VS0,VE0',
53 silly get     vary: 'Accept-Encoding' } ]
54 verbose etag https://registry.npmjs.org/express-handlebars from cache
55 verbose get saving express-handlebars to /Users/alejandroharb/.npm/registry.npmjs.org/express-handlebars/.cache.json
56 verbose correctMkdir /Users/alejandroharb/.npm correctMkdir already in flight; waiting
57 http 404 https://registry.npmjs.org/body-parses
58 verbose headers { 'content-type': 'application/json',
58 verbose headers   'cache-control': 'max-age=0',
58 verbose headers   'content-length': '2',
58 verbose headers   'accept-ranges': 'bytes',
58 verbose headers   date: 'Mon, 13 Feb 2017 17:56:38 GMT',
58 verbose headers   via: '1.1 varnish',
58 verbose headers   age: '0',
58 verbose headers   connection: 'keep-alive',
58 verbose headers   'x-served-by': 'cache-atl6236-ATL',
58 verbose headers   'x-cache': 'MISS',
58 verbose headers   'x-cache-hits': '0',
58 verbose headers   'x-timer': 'S1487008598.311938,VS0,VE351',
58 verbose headers   vary: 'Accept-Encoding' }
59 silly get cb [ 404,
59 silly get   { 'content-type': 'application/json',
59 silly get     'cache-control': 'max-age=0',
59 silly get     'content-length': '2',
59 silly get     'accept-ranges': 'bytes',
59 silly get     date: 'Mon, 13 Feb 2017 17:56:38 GMT',
59 silly get     via: '1.1 varnish',
59 silly get     age: '0',
59 silly get     connection: 'keep-alive',
59 silly get     'x-served-by': 'cache-atl6236-ATL',
59 silly get     'x-cache': 'MISS',
59 silly get     'x-cache-hits': '0',
59 silly get     'x-timer': 'S1487008598.311938,VS0,VE351',
59 silly get     vary: 'Accept-Encoding' } ]
60 silly fetchPackageMetaData Error: Registry returned 404 for GET on https://registry.npmjs.org/body-parses
60 silly fetchPackageMetaData     at makeError (/usr/local/lib/node_modules/npm/node_modules/npm-registry-client/lib/request.js:264:12)
60 silly fetchPackageMetaData     at CachingRegistryClient.<anonymous> (/usr/local/lib/node_modules/npm/node_modules/npm-registry-client/lib/request.js:242:14)
60 silly fetchPackageMetaData     at Request._callback (/usr/local/lib/node_modules/npm/node_modules/npm-registry-client/lib/request.js:172:14)
60 silly fetchPackageMetaData     at Request.self.callback (/usr/local/lib/node_modules/npm/node_modules/request/request.js:187:22)
60 silly fetchPackageMetaData     at emitTwo (events.js:106:13)
60 silly fetchPackageMetaData     at Request.emit (events.js:191:7)
60 silly fetchPackageMetaData     at Request.<anonymous> (/usr/local/lib/node_modules/npm/node_modules/request/request.js:1044:10)
60 silly fetchPackageMetaData     at emitOne (events.js:96:13)
60 silly fetchPackageMetaData     at Request.emit (events.js:188:7)
60 silly fetchPackageMetaData     at IncomingMessage.<anonymous> (/usr/local/lib/node_modules/npm/node_modules/request/request.js:965:12)
60 silly fetchPackageMetaData  error for body-parses { Error: Registry returned 404 for GET on https://registry.npmjs.org/body-parses
60 silly fetchPackageMetaData     at makeError (/usr/local/lib/node_modules/npm/node_modules/npm-registry-client/lib/request.js:264:12)
60 silly fetchPackageMetaData     at CachingRegistryClient.<anonymous> (/usr/local/lib/node_modules/npm/node_modules/npm-registry-client/lib/request.js:242:14)
60 silly fetchPackageMetaData     at Request._callback (/usr/local/lib/node_modules/npm/node_modules/npm-registry-client/lib/request.js:172:14)
60 silly fetchPackageMetaData     at Request.self.callback (/usr/local/lib/node_modules/npm/node_modules/request/request.js:187:22)
60 silly fetchPackageMetaData     at emitTwo (events.js:106:13)
60 silly fetchPackageMetaData     at Request.emit (events.js:191:7)
60 silly fetchPackageMetaData     at Request.<anonymous> (/usr/local/lib/node_modules/npm/node_modules/request/request.js:1044:10)
60 silly fetchPackageMetaData     at emitOne (events.js:96:13)
60 silly fetchPackageMetaData     at Request.emit (events.js:188:7)
60 silly fetchPackageMetaData     at IncomingMessage.<anonymous> (/usr/local/lib/node_modules/npm/node_modules/request/request.js:965:12) pkgid: 'body-parses', statusCode: 404, code: 'E404' }
61 silly rollbackFailedOptional Starting
62 silly rollbackFailedOptional Finishing
63 silly runTopLevelLifecycles Finishing
64 silly install printInstalled
65 verbose stack Error: Registry returned 404 for GET on https://registry.npmjs.org/body-parses
65 verbose stack     at makeError (/usr/local/lib/node_modules/npm/node_modules/npm-registry-client/lib/request.js:264:12)
65 verbose stack     at CachingRegistryClient.<anonymous> (/usr/local/lib/node_modules/npm/node_modules/npm-registry-client/lib/request.js:242:14)
65 verbose stack     at Request._callback (/usr/local/lib/node_modules/npm/node_modules/npm-registry-client/lib/request.js:172:14)
65 verbose stack     at Request.self.callback (/usr/local/lib/node_modules/npm/node_modules/request/request.js:187:22)
65 verbose stack     at emitTwo (events.js:106:13)
65 verbose stack     at Request.emit (events.js:191:7)
65 verbose stack     at Request.<anonymous> (/usr/local/lib/node_modules/npm/node_modules/request/request.js:1044:10)
65 verbose stack     at emitOne (events.js:96:13)
65 verbose stack     at Request.emit (events.js:188:7)
65 verbose stack     at IncomingMessage.<anonymous> (/usr/local/lib/node_modules/npm/node_modules/request/request.js:965:12)
66 verbose statusCode 404
67 verbose pkgid body-parses
68 verbose cwd /Users/alejandroharb/Desktop/code/UncoverMed
69 error Darwin 16.3.0
70 error argv "/usr/local/Cellar/node/6.7.0/bin/node" "/usr/local/bin/npm" "install" "--save" "express" "body-parses" "express-handlebars"
71 error node v6.7.0
72 error npm  v3.10.7
73 error code E404
74 error 404 Registry returned 404 for GET on https://registry.npmjs.org/body-parses
75 error 404
76 error 404 'body-parses' is not in the npm registry.
77 error 404 You should bug the author to publish it (or use the name yourself!)
78 error 404 Note that you can also install from a
79 error 404 tarball, folder, http url, or git url.
80 verbose exit [ 1, true ]
